{
  "stats": {
    "suites": 1,
    "tests": 1,
    "passes": 0,
    "pending": 0,
    "failures": 1,
    "start": "2025-01-06T20:15:20.803Z",
    "end": "2025-01-06T20:15:37.559Z",
    "duration": 16756,
    "testsRegistered": 10,
    "passPercent": 0,
    "pendingPercent": 0,
    "other": 0,
    "hasOther": false,
    "skipped": 9,
    "hasSkipped": true
  },
  "results": [
    {
      "uuid": "6fb419e5-8cb9-4490-ac27-93f4a2fa8b42",
      "title": "",
      "fullFile": "cypress\\e2e\\Testes demoqa.cy.js",
      "file": "cypress\\e2e\\Testes demoqa.cy.js",
      "beforeHooks": [],
      "afterHooks": [],
      "tests": [],
      "suites": [
        {
          "uuid": "a82dff29-3262-49a4-8a7b-4731802e6a48",
          "title": "DemoQA Test Suite",
          "fullFile": "",
          "file": "",
          "beforeHooks": [],
          "afterHooks": [],
          "tests": [
            {
              "title": "Should fill and validate the Text Box form",
              "fullTitle": "DemoQA Test Suite Should fill and validate the Text Box form",
              "timedOut": null,
              "duration": 9691,
              "state": "failed",
              "speed": null,
              "pass": false,
              "fail": true,
              "pending": false,
              "context": null,
              "code": "cy.contains('Text Box').click(); // Navega até a seção \"Text Box\"\ncy.get('#userName').type('John Doe'); // Insere o nome no campo\ncy.get('#userEmail').type('johndoe@example.com'); // Insere o email no campo\ncy.get('#currentAddress').type('123 Main St'); // Insere o endereço atual\ncy.get('#permanentAddress').type('456 Secondary St'); // Insere o endereço permanente\ncy.get('#submit').click(); // Submete o formulário\ncy.get('#output').should('contain', 'John Doe') // Verifica a saída para o nome\n.and('contain', 'johndoe@example.com'); // Verifica a saída para o email",
              "err": {
                "message": "Error: The following error originated from your application code, not from Cypress.\n\n  > Script error.\n\nCypress detected that an uncaught error was thrown from a cross origin script.\n\nWe cannot provide you the stack trace, line number, or file where this error occurred.\n\nCheck your Developer Tools Console for the actual error - it should be printed there.\n\nIt's possible to enable debugging these scripts by adding the `crossorigin` attribute and setting a CORS header.\n\nWhen Cypress detects uncaught errors originating from your application it will automatically fail the current test.\n\nThis behavior is configurable, and you can choose to turn this off by listening to the `uncaught:exception` event.\n\nhttps://on.cypress.io/uncaught-exception-from-application\n\nhttps://on.cypress.io/cross-origin-script-error\n\nBecause this error occurred during a `before each` hook we are skipping the remaining tests in the current suite: `DemoQA Test Suite`",
                "estack": "Error: The following error originated from your application code, not from Cypress.\n\n  > Script error.\n\nCypress detected that an uncaught error was thrown from a cross origin script.\n\nWe cannot provide you the stack trace, line number, or file where this error occurred.\n\nCheck your Developer Tools Console for the actual error - it should be printed there.\n\nIt's possible to enable debugging these scripts by adding the `crossorigin` attribute and setting a CORS header.\n\nWhen Cypress detects uncaught errors originating from your application it will automatically fail the current test.\n\nThis behavior is configurable, and you can choose to turn this off by listening to the `uncaught:exception` event.\n\nhttps://on.cypress.io/uncaught-exception-from-application\n\nhttps://on.cypress.io/cross-origin-script-error\n\nBecause this error occurred during a `before each` hook we are skipping the remaining tests in the current suite: `DemoQA Test Suite`",
                "diff": null
              },
              "uuid": "57958ade-b34c-4e4c-b5fe-0d2735763c0f",
              "parentUUID": "a82dff29-3262-49a4-8a7b-4731802e6a48",
              "isHook": false,
              "skipped": false
            },
            {
              "title": "Should select and validate a Check Box",
              "fullTitle": "DemoQA Test Suite Should select and validate a Check Box",
              "timedOut": null,
              "duration": 0,
              "state": "skipped",
              "speed": null,
              "pass": false,
              "fail": false,
              "pending": false,
              "context": null,
              "code": "cy.contains('Check Box').click(); // Navega para a seção \"Check Box\"\ncy.get('.rct-checkbox').first().click(); // Seleciona o primeiro checkbox\ncy.get('.rct-node-selected').should('exist'); // Verifica se o nó foi selecionado",
              "err": {},
              "uuid": "67fbe8e9-1dd9-4190-aaac-ccaeb266425c",
              "parentUUID": "a82dff29-3262-49a4-8a7b-4731802e6a48",
              "isHook": false,
              "skipped": true
            },
            {
              "title": "Should select a Radio Button and verify it",
              "fullTitle": "DemoQA Test Suite Should select a Radio Button and verify it",
              "timedOut": null,
              "duration": 0,
              "state": "skipped",
              "speed": null,
              "pass": false,
              "fail": false,
              "pending": false,
              "context": null,
              "code": "cy.contains('Radio Button').click(); // Navega até \"Radio Button\"\ncy.get('label').contains('Yes').click(); // Seleciona a opção \"Yes\"\ncy.get('.text-success').should('contain', 'Yes'); // Verifica o texto de sucesso",
              "err": {},
              "uuid": "ace820d6-e98c-4279-9c39-c6cf96c8ab4c",
              "parentUUID": "a82dff29-3262-49a4-8a7b-4731802e6a48",
              "isHook": false,
              "skipped": true
            },
            {
              "title": "Should add a user to the Web Table",
              "fullTitle": "DemoQA Test Suite Should add a user to the Web Table",
              "timedOut": null,
              "duration": 0,
              "state": "skipped",
              "speed": null,
              "pass": false,
              "fail": false,
              "pending": false,
              "context": null,
              "code": "cy.contains('Web Tables').click(); // Navega até \"Web Tables\"\ncy.get('#addNewRecordButton').click(); // Clica no botão de adicionar\ncy.get('#firstName').type('Jane'); // Preenche o nome\ncy.get('#lastName').type('Doe'); // Preenche o sobrenome\ncy.get('#userEmail').type('jane.doe@example.com'); // Preenche o email\ncy.get('#age').type('28'); // Preenche a idade\ncy.get('#salary').type('50000'); // Preenche o salário\ncy.get('#department').type('Engineering'); // Preenche o departamento\ncy.get('#submit').click(); // Salva o registro\ncy.get('.rt-tbody').should('contain', 'Jane'); // Verifica a presença do nome na tabela",
              "err": {},
              "uuid": "2c9bb8dd-1352-417a-b727-ef96834b5d55",
              "parentUUID": "a82dff29-3262-49a4-8a7b-4731802e6a48",
              "isHook": false,
              "skipped": true
            },
            {
              "title": "Should upload a file",
              "fullTitle": "DemoQA Test Suite Should upload a file",
              "timedOut": null,
              "duration": 0,
              "state": "skipped",
              "speed": null,
              "pass": false,
              "fail": false,
              "pending": false,
              "context": null,
              "code": "cy.contains('Upload and Download').click(); // Navega até \"Upload and Download\"\ncy.get('#uploadFile').attachFile('exampleFile.txt'); // Faz o upload de um arquivo\ncy.get('#uploadedFilePath').should('contain', 'exampleFile.txt'); // Verifica o nome do arquivo carregado",
              "err": {},
              "uuid": "f8f2a187-a4ba-4aff-a9a6-47ad07a15973",
              "parentUUID": "a82dff29-3262-49a4-8a7b-4731802e6a48",
              "isHook": false,
              "skipped": true
            },
            {
              "title": "Should test Dynamic Buttons",
              "fullTitle": "DemoQA Test Suite Should test Dynamic Buttons",
              "timedOut": null,
              "duration": 0,
              "state": "skipped",
              "speed": null,
              "pass": false,
              "fail": false,
              "pending": false,
              "context": null,
              "code": "cy.contains('Buttons').click(); // Navega até \"Buttons\"\ncy.get('button').contains('Click Me').click(); // Clica no botão \"Click Me\"\ncy.get('#dynamicClickMessage').should('exist'); // Verifica a mensagem de clique",
              "err": {},
              "uuid": "f9c1624c-ede3-49dc-9dd4-f63b5fbe24a7",
              "parentUUID": "a82dff29-3262-49a4-8a7b-4731802e6a48",
              "isHook": false,
              "skipped": true
            },
            {
              "title": "Should handle Modal Dialog",
              "fullTitle": "DemoQA Test Suite Should handle Modal Dialog",
              "timedOut": null,
              "duration": 0,
              "state": "skipped",
              "speed": null,
              "pass": false,
              "fail": false,
              "pending": false,
              "context": null,
              "code": "cy.contains('Modal Dialogs').click(); // Navega para \"Modal Dialogs\"\ncy.get('#showSmallModal').click(); // Abre o modal pequeno\ncy.get('.modal-body').should('exist'); // Verifica o conteúdo do modal\ncy.get('#closeSmallModal').click(); // Fecha o modal",
              "err": {},
              "uuid": "b5842065-d807-45d4-a55f-fa06f7d2a4ee",
              "parentUUID": "a82dff29-3262-49a4-8a7b-4731802e6a48",
              "isHook": false,
              "skipped": true
            },
            {
              "title": "Should fill Practice Form",
              "fullTitle": "DemoQA Test Suite Should fill Practice Form",
              "timedOut": null,
              "duration": 0,
              "state": "skipped",
              "speed": null,
              "pass": false,
              "fail": false,
              "pending": false,
              "context": null,
              "code": "cy.contains('Practice Form').click(); // Navega até \"Practice Form\"\ncy.get('#firstName').type('John'); // Preenche o primeiro nome\ncy.get('#lastName').type('Doe'); // Preenche o sobrenome\ncy.get('#userEmail').type('johndoe@example.com'); // Preenche o email\ncy.get('#gender-radio-1').check({\n  force: true\n}); // Seleciona o gênero\ncy.get('#userNumber').type('1234567890'); // Preenche o número de telefone\ncy.get('#submit').click(); // Envia o formulário\ncy.get('.modal-content').should('exist'); // Verifica se o modal de sucesso aparece",
              "err": {},
              "uuid": "a2bcaa5b-7d01-47f2-8626-10ca86b58ea7",
              "parentUUID": "a82dff29-3262-49a4-8a7b-4731802e6a48",
              "isHook": false,
              "skipped": true
            },
            {
              "title": "Should perform Drag and Drop",
              "fullTitle": "DemoQA Test Suite Should perform Drag and Drop",
              "timedOut": null,
              "duration": 0,
              "state": "skipped",
              "speed": null,
              "pass": false,
              "fail": false,
              "pending": false,
              "context": null,
              "code": "cy.contains('Droppable').click(); // Navega até \"Droppable\"\ncy.get('#draggable').trigger('dragstart'); // Inicia o drag\ncy.get('#droppable').trigger('drop'); // Solta o elemento\ncy.get('#droppable').should('contain', 'Dropped!'); // Verifica se o drop foi bem-sucedido",
              "err": {},
              "uuid": "1a0dee73-b3a5-4644-ae8a-23c537b3b0cc",
              "parentUUID": "a82dff29-3262-49a4-8a7b-4731802e6a48",
              "isHook": false,
              "skipped": true
            },
            {
              "title": "Should select an option from Menu",
              "fullTitle": "DemoQA Test Suite Should select an option from Menu",
              "timedOut": null,
              "duration": 0,
              "state": "skipped",
              "speed": null,
              "pass": false,
              "fail": false,
              "pending": false,
              "context": null,
              "code": "cy.contains('Menu').click(); // Navega até \"Menu\"\ncy.get('#nav > :nth-child(2)').trigger('mouseover'); // Passa o mouse sobre o menu pai\ncy.contains('Sub Item').click(); // Clica no subitem\n// Não há verificação de sucesso porque este é apenas um clique",
              "err": {},
              "uuid": "8af15186-2205-495c-a657-6f1d4fab3b0e",
              "parentUUID": "a82dff29-3262-49a4-8a7b-4731802e6a48",
              "isHook": false,
              "skipped": true
            }
          ],
          "suites": [],
          "passes": [],
          "failures": [
            "57958ade-b34c-4e4c-b5fe-0d2735763c0f"
          ],
          "pending": [],
          "skipped": [
            "67fbe8e9-1dd9-4190-aaac-ccaeb266425c",
            "ace820d6-e98c-4279-9c39-c6cf96c8ab4c",
            "2c9bb8dd-1352-417a-b727-ef96834b5d55",
            "f8f2a187-a4ba-4aff-a9a6-47ad07a15973",
            "f9c1624c-ede3-49dc-9dd4-f63b5fbe24a7",
            "b5842065-d807-45d4-a55f-fa06f7d2a4ee",
            "a2bcaa5b-7d01-47f2-8626-10ca86b58ea7",
            "1a0dee73-b3a5-4644-ae8a-23c537b3b0cc",
            "8af15186-2205-495c-a657-6f1d4fab3b0e"
          ],
          "duration": 9691,
          "root": false,
          "rootEmpty": false,
          "_timeout": 2000
        }
      ],
      "passes": [],
      "failures": [],
      "pending": [],
      "skipped": [],
      "duration": 0,
      "root": true,
      "rootEmpty": true,
      "_timeout": 2000
    }
  ],
  "meta": {
    "mocha": {
      "version": "7.0.1"
    },
    "mochawesome": {
      "options": {
        "quiet": false,
        "reportFilename": "mochawesome",
        "saveHtml": true,
        "saveJson": true,
        "consoleReporter": "spec",
        "useInlineDiffs": false,
        "code": true
      },
      "version": "7.1.3"
    },
    "marge": {
      "options": {
        "reportDir": "assets/reports",
        "overwrite": false,
        "html": true,
        "json": true
      },
      "version": "6.2.0"
    }
  }
}